<?xml version="1.0" encoding="UTF-8"?>
<!-- Generated by org.testng.reporters.JUnitXMLReporter -->
<testsuite ignored="2" hostname="Rutiks-MacBook-Air.local" failures="0" tests="2" name="MyTests" time="55.168" errors="0" timestamp="2025-04-22T12:03:27 IST">
  <testcase classname="com.kiranacdemy.practicepage.testcases.TC_01_LoginCheck" name="TC_01_loginCheck" time="2.073"/>
  <testcase classname="com.kiranacdemy.practicepage.testcases.TC_02_InvalidUserNameCheck" name="TC_02_invalidUserNameCheck" time="0.871"/>
  <testcase classname="com.kiranacedamy.practicepage.base.BaseTest" name="@BeforeSuite startReport" time="0.0">
    <ignored/>
  </testcase> <!-- @BeforeSuite startReport -->
  <testcase classname="com.kiranacedamy.practicepage.base.BaseTest" name="@AfterSuite endReport" time="0.0">
    <ignored/>
  </testcase> <!-- @AfterSuite endReport -->
</testsuite> <!-- MyTests -->
