<?xml version="1.0" encoding="UTF-8"?>
<!-- Generated by org.testng.reporters.JUnitXMLReporter -->
<testsuite ignored="0" hostname="Rutiks-Air.lan" failures="0" tests="6" name="MyTest" time="0.202" errors="0" timestamp="2025-05-15T23:05:04 IST">
  <testcase classname="com.testcases.Login" name="login_with_invalid_password" time="0.02"/>
  <testcase classname="com.testcases.Login" name="login_with_invalid_username" time="0.002"/>
  <testcase classname="com.testcases.Login" name="login_with_mobileno" time="0.005"/>
  <testcase classname="com.testcases.Login" name="login_with_valid_username" time="0.002"/>
  <testcase classname="com.testcases.Registartion" name="signup_with_email" time="0.011"/>
  <testcase classname="com.testcases.Registartion" name="signup_with_mobileno" time="0.005"/>
</testsuite> <!-- MyTest -->
