<?xml version="1.0" encoding="UTF-8"?>
<testng-results ignored="0" total="6" passed="6" failed="0" skipped="0">
  <reporter-output>
  </reporter-output>
  <suite started-at="2025-05-15T23:05:04 IST" name="ProjectTest" finished-at="2025-05-15T23:05:04 IST" duration-ms="202">
    <groups>
    </groups>
    <test started-at="2025-05-15T23:05:04 IST" name="MyTest" finished-at="2025-05-15T23:05:04 IST" duration-ms="202">
      <class name="com.testcases.Login">
        <test-method signature="login_with_invalid_password()[pri:0, instance:com.testcases.Login@3ba9ad43]" started-at="2025-05-15T23:05:04 IST" name="login_with_invalid_password" finished-at="2025-05-15T23:05:04 IST" duration-ms="20" status="PASS">
          <reporter-output>
          </reporter-output>
        </test-method> <!-- login_with_invalid_password -->
        <test-method signature="login_with_invalid_username()[pri:0, instance:com.testcases.Login@3ba9ad43]" started-at="2025-05-15T23:05:04 IST" name="login_with_invalid_username" finished-at="2025-05-15T23:05:04 IST" duration-ms="2" status="PASS">
          <reporter-output>
          </reporter-output>
        </test-method> <!-- login_with_invalid_username -->
        <test-method signature="login_with_mobileno()[pri:0, instance:com.testcases.Login@3ba9ad43]" started-at="2025-05-15T23:05:04 IST" name="login_with_mobileno" finished-at="2025-05-15T23:05:04 IST" duration-ms="5" status="PASS">
          <reporter-output>
          </reporter-output>
        </test-method> <!-- login_with_mobileno -->
        <test-method signature="login_with_valid_username()[pri:0, instance:com.testcases.Login@3ba9ad43]" started-at="2025-05-15T23:05:04 IST" name="login_with_valid_username" finished-at="2025-05-15T23:05:04 IST" duration-ms="2" status="PASS">
          <reporter-output>
          </reporter-output>
        </test-method> <!-- login_with_valid_username -->
      </class> <!-- com.testcases.Login -->
      <class name="com.testcases.Registartion">
        <test-method signature="signup_with_email()[pri:0, instance:com.testcases.Registartion@3c419631]" started-at="2025-05-15T23:05:04 IST" name="signup_with_email" finished-at="2025-05-15T23:05:04 IST" duration-ms="11" status="PASS">
          <reporter-output>
          </reporter-output>
        </test-method> <!-- signup_with_email -->
        <test-method signature="signup_with_mobileno()[pri:0, instance:com.testcases.Registartion@3c419631]" started-at="2025-05-15T23:05:04 IST" name="signup_with_mobileno" finished-at="2025-05-15T23:05:04 IST" duration-ms="5" status="PASS">
          <reporter-output>
          </reporter-output>
        </test-method> <!-- signup_with_mobileno -->
      </class> <!-- com.testcases.Registartion -->
    </test> <!-- MyTest -->
  </suite> <!-- ProjectTest -->
</testng-results>
